build/app/outputs/mapping/release/mapping.txt
# compiler: R8
# compiler_version: 2.1.62
# min_api: 16
# pg_map_id: b936d50
# common_typos_disable
...
com.google.android.gms.tasks.zzl -> b.b.a.a.f.n:
    com.google.android.gms.tasks.Task zzg -> a
    com.google.android.gms.tasks.zzk zzo -> b
com.google.android.gms.tasks.zzm -> b.b.a.a.f.o:
    java.util.concurrent.Executor zzd -> a
    java.lang.Object mLock -> b
    com.google.android.gms.tasks.OnSuccessListener zzp -> c
    void onComplete(com.google.android.gms.tasks.Task) -> a
    java.lang.Object zza(com.google.android.gms.tasks.zzm) -> b
    com.google.android.gms.tasks.OnSuccessListener zzb(com.google.android.gms.tasks.zzm) -> c
com.google.android.gms.tasks.zzn -> b.b.a.a.f.p:
    com.google.android.gms.tasks.zzm zzq -> b
    com.google.android.gms.tasks.Task zzg -> a
com.google.android.gms.tasks.zzq -> b.b.a.a.f.q:
    void onComplete(com.google.android.gms.tasks.Task) -> a
com.google.android.gms.tasks.zzr -> b.b.a.a.f.r:
    java.util.Queue zzt -> b
    java.lang.Object mLock -> a
    boolean zzu -> c
    void zza(com.google.android.gms.tasks.Task) -> a
    void zza(com.google.android.gms.tasks.zzq) -> b
com.google.android.gms.tasks.zzu -> b.b.a.a.f.s:
    java.lang.Exception zzab -> f
    com.google.android.gms.tasks.zzr zzx -> b
    java.lang.Object zzaa -> e
    java.lang.Object mLock -> a
    boolean zzy -> c
    boolean zzz -> d
    com.google.android.gms.tasks.Task addOnCompleteListener(com.google.android.gms.tasks.OnCompleteListener) -> a
    com.google.android.gms.tasks.Task addOnCompleteListener(java.util.concurrent.Executor,com.google.android.gms.tasks.OnCompleteListener) -> b
    com.google.android.gms.tasks.Task addOnFailureListener(com.google.android.gms.tasks.OnFailureListener) -> c
    com.google.android.gms.tasks.Task addOnFailureListener(java.util.concurrent.Executor,com.google.android.gms.tasks.OnFailureListener) -> d
    com.google.android.gms.tasks.Task addOnSuccessListener(com.google.android.gms.tasks.OnSuccessListener) -> e
    com.google.android.gms.tasks.Task addOnSuccessListener(java.util.concurrent.Executor,com.google.android.gms.tasks.OnSuccessListener) -> f
    com.google.android.gms.tasks.Task continueWith(com.google.android.gms.tasks.Continuation) -> g
    com.google.android.gms.tasks.Task continueWith(java.util.concurrent.Executor,com.google.android.gms.tasks.Continuation) -> h
    java.lang.Exception getException() -> i
    java.lang.Object getResult() -> j
    boolean isCanceled() -> k
    boolean isSuccessful() -> l
    void setException(java.lang.Exception) -> m
    void setResult(java.lang.Object) -> n
io.flutter.FlutterInjector -> c.a.a:
    io.flutter.embedding.engine.loader.FlutterLoader flutterLoader -> a
    io.flutter.embedding.engine.deferredcomponents.DeferredComponentManager deferredComponentManager -> b
    io.flutter.FlutterInjector instance -> c
    io.flutter.embedding.engine.deferredcomponents.DeferredComponentManager deferredComponentManager() -> a
    io.flutter.embedding.engine.loader.FlutterLoader flutterLoader() -> b
    io.flutter.FlutterInjector instance() -> c
io.flutter.FlutterInjector$1 -> c.a.a$a:
io.flutter.FlutterInjector$Builder -> c.a.a$b:
    io.flutter.embedding.engine.loader.FlutterLoader flutterLoader -> a
    io.flutter.embedding.engine.deferredcomponents.DeferredComponentManager deferredComponentManager -> b
    io.flutter.FlutterInjector build() -> a
    void fillDefaults() -> b
io.flutter.Log -> c.a.b:
    void d(java.lang.String,java.lang.String) -> a
    void e(java.lang.String,java.lang.String) -> b
    void e(java.lang.String,java.lang.String,java.lang.Throwable) -> c
    void v(java.lang.String,java.lang.String) -> d
    void w(java.lang.String,java.lang.String) -> e
    void w(java.lang.String,java.lang.String,java.lang.Throwable) -> f