build/app/outputs/mapping/release/usage.txt
com.example.application.R$attr
com.example.application.R$integer
com.example.application.R$styleable
com.example.application.R$drawable
com.example.application.R$layout
com.example.application.R$string
com.example.application.R$style
com.example.application.R$mipmap
com.example.application.BuildConfig
com.example.application.R
com.example.application.R$dimen
com.example.application.R$color
com.example.application.R$id
...
kotlin.collections.ArraysKt___ArraysKt$asIterable$$inlined$Iterable$4
com.google.android.gms.dynamite.DynamiteModule$VersionPolicy$zzb
androidx.core.view.accessibility.AccessibilityViewCommand$ScrollToPositionArguments
kotlin.coroutines.experimental.CombinedContext$toString$1
kotlin.coroutines.experimental.SafeContinuation
kotlin.jvm.internal.EnumCompanionObject
com.google.android.gms.location.GeofencingEvent
com.google.android.gms.common.util.Predicate
com.google.android.gms.internal.location.zzah
androidx.core.app.TaskStackBuilder$SupportParentable
androidx.viewpager.widget.ViewPager
org.intellij.lang.annotations.Identifier
kotlin.internal.jdk7.JDK7PlatformImplementations
androidx.core.app.NotificationCompat$CarExtender$UnreadConversation
kotlin.ranges.ULongProgression
androidx.customview.R$id
kotlin.reflect.KProperty$DefaultImpls
androidx.core.view.ViewCompat$FocusRelativeDirection
kotlin.collections.RingBuffer$iterator$1
androidx.core.app.FrameMetricsAggregator
kotlin.collections.ArraysKt___ArraysKt$withIndex$1
com.google.android.gms.common.util.Strings:
    private void <init>()
    public static java.lang.String emptyToNull(java.lang.String)
io.flutter.embedding.engine.FlutterEngineConnectionRegistry$FlutterEngineContentProviderPluginBinding:
    void <init>(android.content.ContentProvider)
    public android.content.ContentProvider getContentProvider()
    private final android.content.ContentProvider contentProvider
com.google.android.gms.dynamic.zag
kotlin.coroutines.experimental.CoroutinesKt
com.google.android.gms.location.GeofencingRequest$Builder
androidx.fragment.R$drawable
com.google.android.gms.common.server.zaa
com.google.android.gms.common.internal.safeparcel.SafeParcelReader:
    private void <init>()
    private static void zza(android.os.Parcel,int,int,int)
    public static java.lang.Boolean readBooleanObject(android.os.Parcel,int)
    public static byte readByte(android.os.Parcel,int)
    public static char readChar(android.os.Parcel,int)
    public static short readShort(android.os.Parcel,int)
    public static java.lang.Integer readIntegerObject(android.os.Parcel,int)
    public static java.lang.Long readLongObject(android.os.Parcel,int)
    public static java.math.BigInteger createBigInteger(android.os.Parcel,int)
    public static java.lang.Float readFloatObject(android.os.Parcel,int)
    public static double readDouble(android.os.Parcel,int)
    public static java.lang.Double readDoubleObject(android.os.Parcel,int)
    public static java.math.BigDecimal createBigDecimal(android.os.Parcel,int)
    public static byte[] createByteArray(android.os.Parcel,int)
    public static byte[][] createByteArrayArray(android.os.Parcel,int)
    public static boolean[] createBooleanArray(android.os.Parcel,int)
    public static char[] createCharArray(android.os.Parcel,int)
    public static int[] createIntArray(android.os.Parcel,int)
    public static long[] createLongArray(android.os.Parcel,int)
    public static java.math.BigInteger[] createBigIntegerArray(android.os.Parcel,int)
    public static float[] createFloatArray(android.os.Parcel,int)
androidx.core.graphics.PaintCompat
kotlin.jvm.functions.Function13
kotlin.jvm.internal.CharCompanionObject
kotlin.text.DelimitedRangesSequence
io.flutter.embedding.engine.systemchannels.RestorationChannel:
    private static final java.lang.String TAG
androidx.viewpager.R$layout
kotlin.collections.ArraysKt___ArraysKt$asSequence$$inlined$Sequence$7
com.google.android.gms.common.images.ImageManager$zad
com.google.android.gms.common.api.Status:
    public final boolean isCanceled()
    public final boolean isInterrupted()
    public final android.app.PendingIntent getResolution()
kotlin.sequences.SequencesKt___SequencesKt$distinct$1
kotlin.Result$Companion
kotlin.text.CharsKt__CharJVMKt
com.google.android.gms.common.util.GmsVersion
kotlin.internal.PlatformImplementations
kotlin.text.Charsets
kotlin.coroutines.ContinuationInterceptor
kotlin.jvm.internal.BooleanSpreadBuilder